CRITICAL - 2021-09-23 03:04:11 --> View themes, no current section.
#0 C:\xampp\htdocs\CI4\app\Views\view_admin.php(861): CodeIgniter\View\View->endSection()
#1 C:\xampp\htdocs\CI4\vendor\codeigniter4\framework\system\View\View.php(214): include('C:\\xampp\\htdocs...')
#2 C:\xampp\htdocs\CI4\vendor\codeigniter4\framework\system\View\View.php(217): CodeIgniter\View\View->CodeIgniter\View\{closure}()
#3 C:\xampp\htdocs\CI4\vendor\codeigniter4\framework\system\Common.php(1092): CodeIgniter\View\View->render('view_admin', Array, true)
#4 C:\xampp\htdocs\CI4\app\Controllers\Templating.php(16): view('view_admin')
#5 C:\xampp\htdocs\CI4\vendor\codeigniter4\framework\system\CodeIgniter.php(802): App\Controllers\Templating->index()
#6 C:\xampp\htdocs\CI4\vendor\codeigniter4\framework\system\CodeIgniter.php(399): CodeIgniter\CodeIgniter->runController(Object(App\Controllers\Templating))
#7 C:\xampp\htdocs\CI4\vendor\codeigniter4\framework\system\CodeIgniter.php(317): CodeIgniter\CodeIgniter->handleRequest(NULL, Object(Config\Cache), false)
#8 C:\xampp\htdocs\CI4\public\index.php(37): CodeIgniter\CodeIgniter->run()
#9 C:\xampp\htdocs\CI4\vendor\codeigniter4\framework\system\Commands\Server\rewrite.php(43): require_once('C:\\xampp\\htdocs...')
#10 {main}
CRITICAL - 2021-09-23 03:04:27 --> View themes, no current section.
#0 C:\xampp\htdocs\CI4\app\Views\view_admin.php(861): CodeIgniter\View\View->endSection()
#1 C:\xampp\htdocs\CI4\vendor\codeigniter4\framework\system\View\View.php(214): include('C:\\xampp\\htdocs...')
#2 C:\xampp\htdocs\CI4\vendor\codeigniter4\framework\system\View\View.php(217): CodeIgniter\View\View->CodeIgniter\View\{closure}()
#3 C:\xampp\htdocs\CI4\vendor\codeigniter4\framework\system\Common.php(1092): CodeIgniter\View\View->render('view_admin', Array, true)
#4 C:\xampp\htdocs\CI4\app\Controllers\Templating.php(16): view('view_admin')
#5 C:\xampp\htdocs\CI4\vendor\codeigniter4\framework\system\CodeIgniter.php(802): App\Controllers\Templating->index()
#6 C:\xampp\htdocs\CI4\vendor\codeigniter4\framework\system\CodeIgniter.php(399): CodeIgniter\CodeIgniter->runController(Object(App\Controllers\Templating))
#7 C:\xampp\htdocs\CI4\vendor\codeigniter4\framework\system\CodeIgniter.php(317): CodeIgniter\CodeIgniter->handleRequest(NULL, Object(Config\Cache), false)
#8 C:\xampp\htdocs\CI4\public\index.php(37): CodeIgniter\CodeIgniter->run()
#9 C:\xampp\htdocs\CI4\vendor\codeigniter4\framework\system\Commands\Server\rewrite.php(43): require_once('C:\\xampp\\htdocs...')
#10 {main}
CRITICAL - 2021-09-23 03:09:34 --> Undefined variable $title
#0 C:\xampp\htdocs\CI4\app\Views\layouts\header.php(12): CodeIgniter\Debug\Exceptions->errorHandler(2, 'Undefined varia...', 'C:\\xampp\\htdocs...', 12)
#1 C:\xampp\htdocs\CI4\vendor\codeigniter4\framework\system\View\View.php(214): include('C:\\xampp\\htdocs...')
#2 C:\xampp\htdocs\CI4\vendor\codeigniter4\framework\system\View\View.php(217): CodeIgniter\View\View->CodeIgniter\View\{closure}()
#3 C:\xampp\htdocs\CI4\vendor\codeigniter4\framework\system\Common.php(1092): CodeIgniter\View\View->render('layouts/header', Array, true)
#4 C:\xampp\htdocs\CI4\app\Config\Routes.php(41): view('layouts/header', Array)
#5 C:\xampp\htdocs\CI4\vendor\codeigniter4\framework\system\CodeIgniter.php(758): CodeIgniter\CodeIgniter->Config\{closure}()
#6 C:\xampp\htdocs\CI4\vendor\codeigniter4\framework\system\CodeIgniter.php(386): CodeIgniter\CodeIgniter->startController()
#7 C:\xampp\htdocs\CI4\vendor\codeigniter4\framework\system\CodeIgniter.php(317): CodeIgniter\CodeIgniter->handleRequest(NULL, Object(Config\Cache), false)
#8 C:\xampp\htdocs\CI4\public\index.php(37): CodeIgniter\CodeIgniter->run()
#9 C:\xampp\htdocs\CI4\vendor\codeigniter4\framework\system\Commands\Server\rewrite.php(43): require_once('C:\\xampp\\htdocs...')
#10 {main}
CRITICAL - 2021-09-23 03:16:26 --> Undefined variable $title
#0 C:\xampp\htdocs\CI4\app\Views\layouts\header.php(12): CodeIgniter\Debug\Exceptions->errorHandler(2, 'Undefined varia...', 'C:\\xampp\\htdocs...', 12)
#1 C:\xampp\htdocs\CI4\vendor\codeigniter4\framework\system\View\View.php(214): include('C:\\xampp\\htdocs...')
#2 C:\xampp\htdocs\CI4\vendor\codeigniter4\framework\system\View\View.php(217): CodeIgniter\View\View->CodeIgniter\View\{closure}()
#3 C:\xampp\htdocs\CI4\vendor\codeigniter4\framework\system\Common.php(1092): CodeIgniter\View\View->render('layouts/header', Array, true)
#4 C:\xampp\htdocs\CI4\app\Config\Routes.php(41): view('layouts/header', Array)
#5 C:\xampp\htdocs\CI4\vendor\codeigniter4\framework\system\CodeIgniter.php(758): CodeIgniter\CodeIgniter->Config\{closure}()
#6 C:\xampp\htdocs\CI4\vendor\codeigniter4\framework\system\CodeIgniter.php(386): CodeIgniter\CodeIgniter->startController()
#7 C:\xampp\htdocs\CI4\vendor\codeigniter4\framework\system\CodeIgniter.php(317): CodeIgniter\CodeIgniter->handleRequest(NULL, Object(Config\Cache), false)
#8 C:\xampp\htdocs\CI4\public\index.php(37): CodeIgniter\CodeIgniter->run()
#9 C:\xampp\htdocs\CI4\vendor\codeigniter4\framework\system\Commands\Server\rewrite.php(43): require_once('C:\\xampp\\htdocs...')
#10 {main}
CRITICAL - 2021-09-23 03:17:02 --> Undefined variable $title
#0 C:\xampp\htdocs\CI4\app\Views\layouts\header.php(12): CodeIgniter\Debug\Exceptions->errorHandler(2, 'Undefined varia...', 'C:\\xampp\\htdocs...', 12)
#1 C:\xampp\htdocs\CI4\vendor\codeigniter4\framework\system\View\View.php(214): include('C:\\xampp\\htdocs...')
#2 C:\xampp\htdocs\CI4\vendor\codeigniter4\framework\system\View\View.php(217): CodeIgniter\View\View->CodeIgniter\View\{closure}()
#3 C:\xampp\htdocs\CI4\vendor\codeigniter4\framework\system\Common.php(1092): CodeIgniter\View\View->render('layouts/header', Array, true)
#4 C:\xampp\htdocs\CI4\app\Config\Routes.php(41): view('layouts/header', Array)
#5 C:\xampp\htdocs\CI4\vendor\codeigniter4\framework\system\CodeIgniter.php(758): CodeIgniter\CodeIgniter->Config\{closure}()
#6 C:\xampp\htdocs\CI4\vendor\codeigniter4\framework\system\CodeIgniter.php(386): CodeIgniter\CodeIgniter->startController()
#7 C:\xampp\htdocs\CI4\vendor\codeigniter4\framework\system\CodeIgniter.php(317): CodeIgniter\CodeIgniter->handleRequest(NULL, Object(Config\Cache), false)
#8 C:\xampp\htdocs\CI4\public\index.php(37): CodeIgniter\CodeIgniter->run()
#9 C:\xampp\htdocs\CI4\vendor\codeigniter4\framework\system\Commands\Server\rewrite.php(43): require_once('C:\\xampp\\htdocs...')
#10 {main}
CRITICAL - 2021-09-23 03:18:51 --> Undefined variable $title
#0 C:\xampp\htdocs\CI4\app\Views\layouts\header.php(12): CodeIgniter\Debug\Exceptions->errorHandler(2, 'Undefined varia...', 'C:\\xampp\\htdocs...', 12)
#1 C:\xampp\htdocs\CI4\vendor\codeigniter4\framework\system\View\View.php(214): include('C:\\xampp\\htdocs...')
#2 C:\xampp\htdocs\CI4\vendor\codeigniter4\framework\system\View\View.php(217): CodeIgniter\View\View->CodeIgniter\View\{closure}()
#3 C:\xampp\htdocs\CI4\vendor\codeigniter4\framework\system\Common.php(1092): CodeIgniter\View\View->render('layouts/header', Array, true)
#4 C:\xampp\htdocs\CI4\app\Config\Routes.php(41): view('layouts/header', Array)
#5 C:\xampp\htdocs\CI4\vendor\codeigniter4\framework\system\CodeIgniter.php(758): CodeIgniter\CodeIgniter->Config\{closure}()
#6 C:\xampp\htdocs\CI4\vendor\codeigniter4\framework\system\CodeIgniter.php(386): CodeIgniter\CodeIgniter->startController()
#7 C:\xampp\htdocs\CI4\vendor\codeigniter4\framework\system\CodeIgniter.php(317): CodeIgniter\CodeIgniter->handleRequest(NULL, Object(Config\Cache), false)
#8 C:\xampp\htdocs\CI4\public\index.php(37): CodeIgniter\CodeIgniter->run()
#9 C:\xampp\htdocs\CI4\vendor\codeigniter4\framework\system\Commands\Server\rewrite.php(43): require_once('C:\\xampp\\htdocs...')
#10 {main}
CRITICAL - 2021-09-23 03:19:13 --> Undefined variable $title
#0 C:\xampp\htdocs\CI4\app\Views\layouts\header.php(12): CodeIgniter\Debug\Exceptions->errorHandler(2, 'Undefined varia...', 'C:\\xampp\\htdocs...', 12)
#1 C:\xampp\htdocs\CI4\vendor\codeigniter4\framework\system\View\View.php(214): include('C:\\xampp\\htdocs...')
#2 C:\xampp\htdocs\CI4\vendor\codeigniter4\framework\system\View\View.php(217): CodeIgniter\View\View->CodeIgniter\View\{closure}()
#3 C:\xampp\htdocs\CI4\vendor\codeigniter4\framework\system\Common.php(1092): CodeIgniter\View\View->render('layouts/header', Array, true)
#4 C:\xampp\htdocs\CI4\app\Config\Routes.php(41): view('layouts/header', Array)
#5 C:\xampp\htdocs\CI4\vendor\codeigniter4\framework\system\CodeIgniter.php(758): CodeIgniter\CodeIgniter->Config\{closure}()
#6 C:\xampp\htdocs\CI4\vendor\codeigniter4\framework\system\CodeIgniter.php(386): CodeIgniter\CodeIgniter->startController()
#7 C:\xampp\htdocs\CI4\vendor\codeigniter4\framework\system\CodeIgniter.php(317): CodeIgniter\CodeIgniter->handleRequest(NULL, Object(Config\Cache), false)
#8 C:\xampp\htdocs\CI4\public\index.php(37): CodeIgniter\CodeIgniter->run()
#9 C:\xampp\htdocs\CI4\vendor\codeigniter4\framework\system\Commands\Server\rewrite.php(43): require_once('C:\\xampp\\htdocs...')
#10 {main}
CRITICAL - 2021-09-23 03:19:14 --> Undefined variable $title
#0 C:\xampp\htdocs\CI4\app\Views\layouts\header.php(12): CodeIgniter\Debug\Exceptions->errorHandler(2, 'Undefined varia...', 'C:\\xampp\\htdocs...', 12)
#1 C:\xampp\htdocs\CI4\vendor\codeigniter4\framework\system\View\View.php(214): include('C:\\xampp\\htdocs...')
#2 C:\xampp\htdocs\CI4\vendor\codeigniter4\framework\system\View\View.php(217): CodeIgniter\View\View->CodeIgniter\View\{closure}()
#3 C:\xampp\htdocs\CI4\vendor\codeigniter4\framework\system\Common.php(1092): CodeIgniter\View\View->render('layouts/header', Array, true)
#4 C:\xampp\htdocs\CI4\app\Config\Routes.php(41): view('layouts/header', Array)
#5 C:\xampp\htdocs\CI4\vendor\codeigniter4\framework\system\CodeIgniter.php(758): CodeIgniter\CodeIgniter->Config\{closure}()
#6 C:\xampp\htdocs\CI4\vendor\codeigniter4\framework\system\CodeIgniter.php(386): CodeIgniter\CodeIgniter->startController()
#7 C:\xampp\htdocs\CI4\vendor\codeigniter4\framework\system\CodeIgniter.php(317): CodeIgniter\CodeIgniter->handleRequest(NULL, Object(Config\Cache), false)
#8 C:\xampp\htdocs\CI4\public\index.php(37): CodeIgniter\CodeIgniter->run()
#9 C:\xampp\htdocs\CI4\vendor\codeigniter4\framework\system\Commands\Server\rewrite.php(43): require_once('C:\\xampp\\htdocs...')
#10 {main}
CRITICAL - 2021-09-23 03:19:15 --> Undefined variable $title
#0 C:\xampp\htdocs\CI4\app\Views\layouts\header.php(12): CodeIgniter\Debug\Exceptions->errorHandler(2, 'Undefined varia...', 'C:\\xampp\\htdocs...', 12)
#1 C:\xampp\htdocs\CI4\vendor\codeigniter4\framework\system\View\View.php(214): include('C:\\xampp\\htdocs...')
#2 C:\xampp\htdocs\CI4\vendor\codeigniter4\framework\system\View\View.php(217): CodeIgniter\View\View->CodeIgniter\View\{closure}()
#3 C:\xampp\htdocs\CI4\vendor\codeigniter4\framework\system\Common.php(1092): CodeIgniter\View\View->render('layouts/header', Array, true)
#4 C:\xampp\htdocs\CI4\app\Config\Routes.php(41): view('layouts/header', Array)
#5 C:\xampp\htdocs\CI4\vendor\codeigniter4\framework\system\CodeIgniter.php(758): CodeIgniter\CodeIgniter->Config\{closure}()
#6 C:\xampp\htdocs\CI4\vendor\codeigniter4\framework\system\CodeIgniter.php(386): CodeIgniter\CodeIgniter->startController()
#7 C:\xampp\htdocs\CI4\vendor\codeigniter4\framework\system\CodeIgniter.php(317): CodeIgniter\CodeIgniter->handleRequest(NULL, Object(Config\Cache), false)
#8 C:\xampp\htdocs\CI4\public\index.php(37): CodeIgniter\CodeIgniter->run()
#9 C:\xampp\htdocs\CI4\vendor\codeigniter4\framework\system\Commands\Server\rewrite.php(43): require_once('C:\\xampp\\htdocs...')
#10 {main}
CRITICAL - 2021-09-23 03:19:15 --> Undefined variable $title
#0 C:\xampp\htdocs\CI4\app\Views\layouts\header.php(12): CodeIgniter\Debug\Exceptions->errorHandler(2, 'Undefined varia...', 'C:\\xampp\\htdocs...', 12)
#1 C:\xampp\htdocs\CI4\vendor\codeigniter4\framework\system\View\View.php(214): include('C:\\xampp\\htdocs...')
#2 C:\xampp\htdocs\CI4\vendor\codeigniter4\framework\system\View\View.php(217): CodeIgniter\View\View->CodeIgniter\View\{closure}()
#3 C:\xampp\htdocs\CI4\vendor\codeigniter4\framework\system\Common.php(1092): CodeIgniter\View\View->render('layouts/header', Array, true)
#4 C:\xampp\htdocs\CI4\app\Config\Routes.php(41): view('layouts/header', Array)
#5 C:\xampp\htdocs\CI4\vendor\codeigniter4\framework\system\CodeIgniter.php(758): CodeIgniter\CodeIgniter->Config\{closure}()
#6 C:\xampp\htdocs\CI4\vendor\codeigniter4\framework\system\CodeIgniter.php(386): CodeIgniter\CodeIgniter->startController()
#7 C:\xampp\htdocs\CI4\vendor\codeigniter4\framework\system\CodeIgniter.php(317): CodeIgniter\CodeIgniter->handleRequest(NULL, Object(Config\Cache), false)
#8 C:\xampp\htdocs\CI4\public\index.php(37): CodeIgniter\CodeIgniter->run()
#9 C:\xampp\htdocs\CI4\vendor\codeigniter4\framework\system\Commands\Server\rewrite.php(43): require_once('C:\\xampp\\htdocs...')
#10 {main}
CRITICAL - 2021-09-23 03:19:15 --> Undefined variable $title
#0 C:\xampp\htdocs\CI4\app\Views\layouts\header.php(12): CodeIgniter\Debug\Exceptions->errorHandler(2, 'Undefined varia...', 'C:\\xampp\\htdocs...', 12)
#1 C:\xampp\htdocs\CI4\vendor\codeigniter4\framework\system\View\View.php(214): include('C:\\xampp\\htdocs...')
#2 C:\xampp\htdocs\CI4\vendor\codeigniter4\framework\system\View\View.php(217): CodeIgniter\View\View->CodeIgniter\View\{closure}()
#3 C:\xampp\htdocs\CI4\vendor\codeigniter4\framework\system\Common.php(1092): CodeIgniter\View\View->render('layouts/header', Array, true)
#4 C:\xampp\htdocs\CI4\app\Config\Routes.php(41): view('layouts/header', Array)
#5 C:\xampp\htdocs\CI4\vendor\codeigniter4\framework\system\CodeIgniter.php(758): CodeIgniter\CodeIgniter->Config\{closure}()
#6 C:\xampp\htdocs\CI4\vendor\codeigniter4\framework\system\CodeIgniter.php(386): CodeIgniter\CodeIgniter->startController()
#7 C:\xampp\htdocs\CI4\vendor\codeigniter4\framework\system\CodeIgniter.php(317): CodeIgniter\CodeIgniter->handleRequest(NULL, Object(Config\Cache), false)
#8 C:\xampp\htdocs\CI4\public\index.php(37): CodeIgniter\CodeIgniter->run()
#9 C:\xampp\htdocs\CI4\vendor\codeigniter4\framework\system\Commands\Server\rewrite.php(43): require_once('C:\\xampp\\htdocs...')
#10 {main}
CRITICAL - 2021-09-23 03:19:16 --> Undefined variable $title
#0 C:\xampp\htdocs\CI4\app\Views\layouts\header.php(12): CodeIgniter\Debug\Exceptions->errorHandler(2, 'Undefined varia...', 'C:\\xampp\\htdocs...', 12)
#1 C:\xampp\htdocs\CI4\vendor\codeigniter4\framework\system\View\View.php(214): include('C:\\xampp\\htdocs...')
#2 C:\xampp\htdocs\CI4\vendor\codeigniter4\framework\system\View\View.php(217): CodeIgniter\View\View->CodeIgniter\View\{closure}()
#3 C:\xampp\htdocs\CI4\vendor\codeigniter4\framework\system\Common.php(1092): CodeIgniter\View\View->render('layouts/header', Array, true)
#4 C:\xampp\htdocs\CI4\app\Config\Routes.php(41): view('layouts/header', Array)
#5 C:\xampp\htdocs\CI4\vendor\codeigniter4\framework\system\CodeIgniter.php(758): CodeIgniter\CodeIgniter->Config\{closure}()
#6 C:\xampp\htdocs\CI4\vendor\codeigniter4\framework\system\CodeIgniter.php(386): CodeIgniter\CodeIgniter->startController()
#7 C:\xampp\htdocs\CI4\vendor\codeigniter4\framework\system\CodeIgniter.php(317): CodeIgniter\CodeIgniter->handleRequest(NULL, Object(Config\Cache), false)
#8 C:\xampp\htdocs\CI4\public\index.php(37): CodeIgniter\CodeIgniter->run()
#9 C:\xampp\htdocs\CI4\vendor\codeigniter4\framework\system\Commands\Server\rewrite.php(43): require_once('C:\\xampp\\htdocs...')
#10 {main}
CRITICAL - 2021-09-23 03:19:16 --> Undefined variable $title
#0 C:\xampp\htdocs\CI4\app\Views\layouts\header.php(12): CodeIgniter\Debug\Exceptions->errorHandler(2, 'Undefined varia...', 'C:\\xampp\\htdocs...', 12)
#1 C:\xampp\htdocs\CI4\vendor\codeigniter4\framework\system\View\View.php(214): include('C:\\xampp\\htdocs...')
#2 C:\xampp\htdocs\CI4\vendor\codeigniter4\framework\system\View\View.php(217): CodeIgniter\View\View->CodeIgniter\View\{closure}()
#3 C:\xampp\htdocs\CI4\vendor\codeigniter4\framework\system\Common.php(1092): CodeIgniter\View\View->render('layouts/header', Array, true)
#4 C:\xampp\htdocs\CI4\app\Config\Routes.php(41): view('layouts/header', Array)
#5 C:\xampp\htdocs\CI4\vendor\codeigniter4\framework\system\CodeIgniter.php(758): CodeIgniter\CodeIgniter->Config\{closure}()
#6 C:\xampp\htdocs\CI4\vendor\codeigniter4\framework\system\CodeIgniter.php(386): CodeIgniter\CodeIgniter->startController()
#7 C:\xampp\htdocs\CI4\vendor\codeigniter4\framework\system\CodeIgniter.php(317): CodeIgniter\CodeIgniter->handleRequest(NULL, Object(Config\Cache), false)
#8 C:\xampp\htdocs\CI4\public\index.php(37): CodeIgniter\CodeIgniter->run()
#9 C:\xampp\htdocs\CI4\vendor\codeigniter4\framework\system\Commands\Server\rewrite.php(43): require_once('C:\\xampp\\htdocs...')
#10 {main}
CRITICAL - 2021-09-23 03:19:16 --> Undefined variable $title
#0 C:\xampp\htdocs\CI4\app\Views\layouts\header.php(12): CodeIgniter\Debug\Exceptions->errorHandler(2, 'Undefined varia...', 'C:\\xampp\\htdocs...', 12)
#1 C:\xampp\htdocs\CI4\vendor\codeigniter4\framework\system\View\View.php(214): include('C:\\xampp\\htdocs...')
#2 C:\xampp\htdocs\CI4\vendor\codeigniter4\framework\system\View\View.php(217): CodeIgniter\View\View->CodeIgniter\View\{closure}()
#3 C:\xampp\htdocs\CI4\vendor\codeigniter4\framework\system\Common.php(1092): CodeIgniter\View\View->render('layouts/header', Array, true)
#4 C:\xampp\htdocs\CI4\app\Config\Routes.php(41): view('layouts/header', Array)
#5 C:\xampp\htdocs\CI4\vendor\codeigniter4\framework\system\CodeIgniter.php(758): CodeIgniter\CodeIgniter->Config\{closure}()
#6 C:\xampp\htdocs\CI4\vendor\codeigniter4\framework\system\CodeIgniter.php(386): CodeIgniter\CodeIgniter->startController()
#7 C:\xampp\htdocs\CI4\vendor\codeigniter4\framework\system\CodeIgniter.php(317): CodeIgniter\CodeIgniter->handleRequest(NULL, Object(Config\Cache), false)
#8 C:\xampp\htdocs\CI4\public\index.php(37): CodeIgniter\CodeIgniter->run()
#9 C:\xampp\htdocs\CI4\vendor\codeigniter4\framework\system\Commands\Server\rewrite.php(43): require_once('C:\\xampp\\htdocs...')
#10 {main}
CRITICAL - 2021-09-23 03:19:17 --> Undefined variable $title
#0 C:\xampp\htdocs\CI4\app\Views\layouts\header.php(12): CodeIgniter\Debug\Exceptions->errorHandler(2, 'Undefined varia...', 'C:\\xampp\\htdocs...', 12)
#1 C:\xampp\htdocs\CI4\vendor\codeigniter4\framework\system\View\View.php(214): include('C:\\xampp\\htdocs...')
#2 C:\xampp\htdocs\CI4\vendor\codeigniter4\framework\system\View\View.php(217): CodeIgniter\View\View->CodeIgniter\View\{closure}()
#3 C:\xampp\htdocs\CI4\vendor\codeigniter4\framework\system\Common.php(1092): CodeIgniter\View\View->render('layouts/header', Array, true)
#4 C:\xampp\htdocs\CI4\app\Config\Routes.php(41): view('layouts/header', Array)
#5 C:\xampp\htdocs\CI4\vendor\codeigniter4\framework\system\CodeIgniter.php(758): CodeIgniter\CodeIgniter->Config\{closure}()
#6 C:\xampp\htdocs\CI4\vendor\codeigniter4\framework\system\CodeIgniter.php(386): CodeIgniter\CodeIgniter->startController()
#7 C:\xampp\htdocs\CI4\vendor\codeigniter4\framework\system\CodeIgniter.php(317): CodeIgniter\CodeIgniter->handleRequest(NULL, Object(Config\Cache), false)
#8 C:\xampp\htdocs\CI4\public\index.php(37): CodeIgniter\CodeIgniter->run()
#9 C:\xampp\htdocs\CI4\vendor\codeigniter4\framework\system\Commands\Server\rewrite.php(43): require_once('C:\\xampp\\htdocs...')
#10 {main}
CRITICAL - 2021-09-23 03:19:17 --> Undefined variable $title
#0 C:\xampp\htdocs\CI4\app\Views\layouts\header.php(12): CodeIgniter\Debug\Exceptions->errorHandler(2, 'Undefined varia...', 'C:\\xampp\\htdocs...', 12)
#1 C:\xampp\htdocs\CI4\vendor\codeigniter4\framework\system\View\View.php(214): include('C:\\xampp\\htdocs...')
#2 C:\xampp\htdocs\CI4\vendor\codeigniter4\framework\system\View\View.php(217): CodeIgniter\View\View->CodeIgniter\View\{closure}()
#3 C:\xampp\htdocs\CI4\vendor\codeigniter4\framework\system\Common.php(1092): CodeIgniter\View\View->render('layouts/header', Array, true)
#4 C:\xampp\htdocs\CI4\app\Config\Routes.php(41): view('layouts/header', Array)
#5 C:\xampp\htdocs\CI4\vendor\codeigniter4\framework\system\CodeIgniter.php(758): CodeIgniter\CodeIgniter->Config\{closure}()
#6 C:\xampp\htdocs\CI4\vendor\codeigniter4\framework\system\CodeIgniter.php(386): CodeIgniter\CodeIgniter->startController()
#7 C:\xampp\htdocs\CI4\vendor\codeigniter4\framework\system\CodeIgniter.php(317): CodeIgniter\CodeIgniter->handleRequest(NULL, Object(Config\Cache), false)
#8 C:\xampp\htdocs\CI4\public\index.php(37): CodeIgniter\CodeIgniter->run()
#9 C:\xampp\htdocs\CI4\vendor\codeigniter4\framework\system\Commands\Server\rewrite.php(43): require_once('C:\\xampp\\htdocs...')
#10 {main}
CRITICAL - 2021-09-23 03:21:44 --> Undefined variable $title
#0 C:\xampp\htdocs\CI4\app\Views\layouts\header.php(12): CodeIgniter\Debug\Exceptions->errorHandler(2, 'Undefined varia...', 'C:\\xampp\\htdocs...', 12)
#1 C:\xampp\htdocs\CI4\vendor\codeigniter4\framework\system\View\View.php(214): include('C:\\xampp\\htdocs...')
#2 C:\xampp\htdocs\CI4\vendor\codeigniter4\framework\system\View\View.php(217): CodeIgniter\View\View->CodeIgniter\View\{closure}()
#3 C:\xampp\htdocs\CI4\vendor\codeigniter4\framework\system\Common.php(1092): CodeIgniter\View\View->render('layouts/header', Array, true)
#4 C:\xampp\htdocs\CI4\app\Config\Routes.php(41): view('layouts/header', Array)
#5 C:\xampp\htdocs\CI4\vendor\codeigniter4\framework\system\CodeIgniter.php(758): CodeIgniter\CodeIgniter->Config\{closure}()
#6 C:\xampp\htdocs\CI4\vendor\codeigniter4\framework\system\CodeIgniter.php(386): CodeIgniter\CodeIgniter->startController()
#7 C:\xampp\htdocs\CI4\vendor\codeigniter4\framework\system\CodeIgniter.php(317): CodeIgniter\CodeIgniter->handleRequest(NULL, Object(Config\Cache), false)
#8 C:\xampp\htdocs\CI4\public\index.php(37): CodeIgniter\CodeIgniter->run()
#9 C:\xampp\htdocs\CI4\vendor\codeigniter4\framework\system\Commands\Server\rewrite.php(43): require_once('C:\\xampp\\htdocs...')
#10 {main}
CRITICAL - 2021-09-23 03:21:46 --> Undefined variable $title
#0 C:\xampp\htdocs\CI4\app\Views\layouts\header.php(12): CodeIgniter\Debug\Exceptions->errorHandler(2, 'Undefined varia...', 'C:\\xampp\\htdocs...', 12)
#1 C:\xampp\htdocs\CI4\vendor\codeigniter4\framework\system\View\View.php(214): include('C:\\xampp\\htdocs...')
#2 C:\xampp\htdocs\CI4\vendor\codeigniter4\framework\system\View\View.php(217): CodeIgniter\View\View->CodeIgniter\View\{closure}()
#3 C:\xampp\htdocs\CI4\vendor\codeigniter4\framework\system\Common.php(1092): CodeIgniter\View\View->render('layouts/header', Array, true)
#4 C:\xampp\htdocs\CI4\app\Config\Routes.php(41): view('layouts/header', Array)
#5 C:\xampp\htdocs\CI4\vendor\codeigniter4\framework\system\CodeIgniter.php(758): CodeIgniter\CodeIgniter->Config\{closure}()
#6 C:\xampp\htdocs\CI4\vendor\codeigniter4\framework\system\CodeIgniter.php(386): CodeIgniter\CodeIgniter->startController()
#7 C:\xampp\htdocs\CI4\vendor\codeigniter4\framework\system\CodeIgniter.php(317): CodeIgniter\CodeIgniter->handleRequest(NULL, Object(Config\Cache), false)
#8 C:\xampp\htdocs\CI4\public\index.php(37): CodeIgniter\CodeIgniter->run()
#9 C:\xampp\htdocs\CI4\vendor\codeigniter4\framework\system\Commands\Server\rewrite.php(43): require_once('C:\\xampp\\htdocs...')
#10 {main}
CRITICAL - 2021-09-23 03:21:46 --> Undefined variable $title
#0 C:\xampp\htdocs\CI4\app\Views\layouts\header.php(12): CodeIgniter\Debug\Exceptions->errorHandler(2, 'Undefined varia...', 'C:\\xampp\\htdocs...', 12)
#1 C:\xampp\htdocs\CI4\vendor\codeigniter4\framework\system\View\View.php(214): include('C:\\xampp\\htdocs...')
#2 C:\xampp\htdocs\CI4\vendor\codeigniter4\framework\system\View\View.php(217): CodeIgniter\View\View->CodeIgniter\View\{closure}()
#3 C:\xampp\htdocs\CI4\vendor\codeigniter4\framework\system\Common.php(1092): CodeIgniter\View\View->render('layouts/header', Array, true)
#4 C:\xampp\htdocs\CI4\app\Config\Routes.php(41): view('layouts/header', Array)
#5 C:\xampp\htdocs\CI4\vendor\codeigniter4\framework\system\CodeIgniter.php(758): CodeIgniter\CodeIgniter->Config\{closure}()
#6 C:\xampp\htdocs\CI4\vendor\codeigniter4\framework\system\CodeIgniter.php(386): CodeIgniter\CodeIgniter->startController()
#7 C:\xampp\htdocs\CI4\vendor\codeigniter4\framework\system\CodeIgniter.php(317): CodeIgniter\CodeIgniter->handleRequest(NULL, Object(Config\Cache), false)
#8 C:\xampp\htdocs\CI4\public\index.php(37): CodeIgniter\CodeIgniter->run()
#9 C:\xampp\htdocs\CI4\vendor\codeigniter4\framework\system\Commands\Server\rewrite.php(43): require_once('C:\\xampp\\htdocs...')
#10 {main}
CRITICAL - 2021-09-23 03:21:47 --> Undefined variable $title
#0 C:\xampp\htdocs\CI4\app\Views\layouts\header.php(12): CodeIgniter\Debug\Exceptions->errorHandler(2, 'Undefined varia...', 'C:\\xampp\\htdocs...', 12)
#1 C:\xampp\htdocs\CI4\vendor\codeigniter4\framework\system\View\View.php(214): include('C:\\xampp\\htdocs...')
#2 C:\xampp\htdocs\CI4\vendor\codeigniter4\framework\system\View\View.php(217): CodeIgniter\View\View->CodeIgniter\View\{closure}()
#3 C:\xampp\htdocs\CI4\vendor\codeigniter4\framework\system\Common.php(1092): CodeIgniter\View\View->render('layouts/header', Array, true)
#4 C:\xampp\htdocs\CI4\app\Config\Routes.php(41): view('layouts/header', Array)
#5 C:\xampp\htdocs\CI4\vendor\codeigniter4\framework\system\CodeIgniter.php(758): CodeIgniter\CodeIgniter->Config\{closure}()
#6 C:\xampp\htdocs\CI4\vendor\codeigniter4\framework\system\CodeIgniter.php(386): CodeIgniter\CodeIgniter->startController()
#7 C:\xampp\htdocs\CI4\vendor\codeigniter4\framework\system\CodeIgniter.php(317): CodeIgniter\CodeIgniter->handleRequest(NULL, Object(Config\Cache), false)
#8 C:\xampp\htdocs\CI4\public\index.php(37): CodeIgniter\CodeIgniter->run()
#9 C:\xampp\htdocs\CI4\vendor\codeigniter4\framework\system\Commands\Server\rewrite.php(43): require_once('C:\\xampp\\htdocs...')
#10 {main}
CRITICAL - 2021-09-23 03:21:48 --> Undefined variable $title
#0 C:\xampp\htdocs\CI4\app\Views\layouts\header.php(12): CodeIgniter\Debug\Exceptions->errorHandler(2, 'Undefined varia...', 'C:\\xampp\\htdocs...', 12)
#1 C:\xampp\htdocs\CI4\vendor\codeigniter4\framework\system\View\View.php(214): include('C:\\xampp\\htdocs...')
#2 C:\xampp\htdocs\CI4\vendor\codeigniter4\framework\system\View\View.php(217): CodeIgniter\View\View->CodeIgniter\View\{closure}()
#3 C:\xampp\htdocs\CI4\vendor\codeigniter4\framework\system\Common.php(1092): CodeIgniter\View\View->render('layouts/header', Array, true)
#4 C:\xampp\htdocs\CI4\app\Config\Routes.php(41): view('layouts/header', Array)
#5 C:\xampp\htdocs\CI4\vendor\codeigniter4\framework\system\CodeIgniter.php(758): CodeIgniter\CodeIgniter->Config\{closure}()
#6 C:\xampp\htdocs\CI4\vendor\codeigniter4\framework\system\CodeIgniter.php(386): CodeIgniter\CodeIgniter->startController()
#7 C:\xampp\htdocs\CI4\vendor\codeigniter4\framework\system\CodeIgniter.php(317): CodeIgniter\CodeIgniter->handleRequest(NULL, Object(Config\Cache), false)
#8 C:\xampp\htdocs\CI4\public\index.php(37): CodeIgniter\CodeIgniter->run()
#9 C:\xampp\htdocs\CI4\vendor\codeigniter4\framework\system\Commands\Server\rewrite.php(43): require_once('C:\\xampp\\htdocs...')
#10 {main}
CRITICAL - 2021-09-23 03:21:48 --> Undefined variable $title
#0 C:\xampp\htdocs\CI4\app\Views\layouts\header.php(12): CodeIgniter\Debug\Exceptions->errorHandler(2, 'Undefined varia...', 'C:\\xampp\\htdocs...', 12)
#1 C:\xampp\htdocs\CI4\vendor\codeigniter4\framework\system\View\View.php(214): include('C:\\xampp\\htdocs...')
#2 C:\xampp\htdocs\CI4\vendor\codeigniter4\framework\system\View\View.php(217): CodeIgniter\View\View->CodeIgniter\View\{closure}()
#3 C:\xampp\htdocs\CI4\vendor\codeigniter4\framework\system\Common.php(1092): CodeIgniter\View\View->render('layouts/header', Array, true)
#4 C:\xampp\htdocs\CI4\app\Config\Routes.php(41): view('layouts/header', Array)
#5 C:\xampp\htdocs\CI4\vendor\codeigniter4\framework\system\CodeIgniter.php(758): CodeIgniter\CodeIgniter->Config\{closure}()
#6 C:\xampp\htdocs\CI4\vendor\codeigniter4\framework\system\CodeIgniter.php(386): CodeIgniter\CodeIgniter->startController()
#7 C:\xampp\htdocs\CI4\vendor\codeigniter4\framework\system\CodeIgniter.php(317): CodeIgniter\CodeIgniter->handleRequest(NULL, Object(Config\Cache), false)
#8 C:\xampp\htdocs\CI4\public\index.php(37): CodeIgniter\CodeIgniter->run()
#9 C:\xampp\htdocs\CI4\vendor\codeigniter4\framework\system\Commands\Server\rewrite.php(43): require_once('C:\\xampp\\htdocs...')
#10 {main}
CRITICAL - 2021-09-23 03:21:48 --> Undefined variable $title
#0 C:\xampp\htdocs\CI4\app\Views\layouts\header.php(12): CodeIgniter\Debug\Exceptions->errorHandler(2, 'Undefined varia...', 'C:\\xampp\\htdocs...', 12)
#1 C:\xampp\htdocs\CI4\vendor\codeigniter4\framework\system\View\View.php(214): include('C:\\xampp\\htdocs...')
#2 C:\xampp\htdocs\CI4\vendor\codeigniter4\framework\system\View\View.php(217): CodeIgniter\View\View->CodeIgniter\View\{closure}()
#3 C:\xampp\htdocs\CI4\vendor\codeigniter4\framework\system\Common.php(1092): CodeIgniter\View\View->render('layouts/header', Array, true)
#4 C:\xampp\htdocs\CI4\app\Config\Routes.php(41): view('layouts/header', Array)
#5 C:\xampp\htdocs\CI4\vendor\codeigniter4\framework\system\CodeIgniter.php(758): CodeIgniter\CodeIgniter->Config\{closure}()
#6 C:\xampp\htdocs\CI4\vendor\codeigniter4\framework\system\CodeIgniter.php(386): CodeIgniter\CodeIgniter->startController()
#7 C:\xampp\htdocs\CI4\vendor\codeigniter4\framework\system\CodeIgniter.php(317): CodeIgniter\CodeIgniter->handleRequest(NULL, Object(Config\Cache), false)
#8 C:\xampp\htdocs\CI4\public\index.php(37): CodeIgniter\CodeIgniter->run()
#9 C:\xampp\htdocs\CI4\vendor\codeigniter4\framework\system\Commands\Server\rewrite.php(43): require_once('C:\\xampp\\htdocs...')
#10 {main}
CRITICAL - 2021-09-23 03:21:49 --> Undefined variable $title
#0 C:\xampp\htdocs\CI4\app\Views\layouts\header.php(12): CodeIgniter\Debug\Exceptions->errorHandler(2, 'Undefined varia...', 'C:\\xampp\\htdocs...', 12)
#1 C:\xampp\htdocs\CI4\vendor\codeigniter4\framework\system\View\View.php(214): include('C:\\xampp\\htdocs...')
#2 C:\xampp\htdocs\CI4\vendor\codeigniter4\framework\system\View\View.php(217): CodeIgniter\View\View->CodeIgniter\View\{closure}()
#3 C:\xampp\htdocs\CI4\vendor\codeigniter4\framework\system\Common.php(1092): CodeIgniter\View\View->render('layouts/header', Array, true)
#4 C:\xampp\htdocs\CI4\app\Config\Routes.php(41): view('layouts/header', Array)
#5 C:\xampp\htdocs\CI4\vendor\codeigniter4\framework\system\CodeIgniter.php(758): CodeIgniter\CodeIgniter->Config\{closure}()
#6 C:\xampp\htdocs\CI4\vendor\codeigniter4\framework\system\CodeIgniter.php(386): CodeIgniter\CodeIgniter->startController()
#7 C:\xampp\htdocs\CI4\vendor\codeigniter4\framework\system\CodeIgniter.php(317): CodeIgniter\CodeIgniter->handleRequest(NULL, Object(Config\Cache), false)
#8 C:\xampp\htdocs\CI4\public\index.php(37): CodeIgniter\CodeIgniter->run()
#9 C:\xampp\htdocs\CI4\vendor\codeigniter4\framework\system\Commands\Server\rewrite.php(43): require_once('C:\\xampp\\htdocs...')
#10 {main}
CRITICAL - 2021-09-23 03:21:49 --> Undefined variable $title
#0 C:\xampp\htdocs\CI4\app\Views\layouts\header.php(12): CodeIgniter\Debug\Exceptions->errorHandler(2, 'Undefined varia...', 'C:\\xampp\\htdocs...', 12)
#1 C:\xampp\htdocs\CI4\vendor\codeigniter4\framework\system\View\View.php(214): include('C:\\xampp\\htdocs...')
#2 C:\xampp\htdocs\CI4\vendor\codeigniter4\framework\system\View\View.php(217): CodeIgniter\View\View->CodeIgniter\View\{closure}()
#3 C:\xampp\htdocs\CI4\vendor\codeigniter4\framework\system\Common.php(1092): CodeIgniter\View\View->render('layouts/header', Array, true)
#4 C:\xampp\htdocs\CI4\app\Config\Routes.php(41): view('layouts/header', Array)
#5 C:\xampp\htdocs\CI4\vendor\codeigniter4\framework\system\CodeIgniter.php(758): CodeIgniter\CodeIgniter->Config\{closure}()
#6 C:\xampp\htdocs\CI4\vendor\codeigniter4\framework\system\CodeIgniter.php(386): CodeIgniter\CodeIgniter->startController()
#7 C:\xampp\htdocs\CI4\vendor\codeigniter4\framework\system\CodeIgniter.php(317): CodeIgniter\CodeIgniter->handleRequest(NULL, Object(Config\Cache), false)
#8 C:\xampp\htdocs\CI4\public\index.php(37): CodeIgniter\CodeIgniter->run()
#9 C:\xampp\htdocs\CI4\vendor\codeigniter4\framework\system\Commands\Server\rewrite.php(43): require_once('C:\\xampp\\htdocs...')
#10 {main}
CRITICAL - 2021-09-23 03:21:50 --> Undefined variable $title
#0 C:\xampp\htdocs\CI4\app\Views\layouts\header.php(12): CodeIgniter\Debug\Exceptions->errorHandler(2, 'Undefined varia...', 'C:\\xampp\\htdocs...', 12)
#1 C:\xampp\htdocs\CI4\vendor\codeigniter4\framework\system\View\View.php(214): include('C:\\xampp\\htdocs...')
#2 C:\xampp\htdocs\CI4\vendor\codeigniter4\framework\system\View\View.php(217): CodeIgniter\View\View->CodeIgniter\View\{closure}()
#3 C:\xampp\htdocs\CI4\vendor\codeigniter4\framework\system\Common.php(1092): CodeIgniter\View\View->render('layouts/header', Array, true)
#4 C:\xampp\htdocs\CI4\app\Config\Routes.php(41): view('layouts/header', Array)
#5 C:\xampp\htdocs\CI4\vendor\codeigniter4\framework\system\CodeIgniter.php(758): CodeIgniter\CodeIgniter->Config\{closure}()
#6 C:\xampp\htdocs\CI4\vendor\codeigniter4\framework\system\CodeIgniter.php(386): CodeIgniter\CodeIgniter->startController()
#7 C:\xampp\htdocs\CI4\vendor\codeigniter4\framework\system\CodeIgniter.php(317): CodeIgniter\CodeIgniter->handleRequest(NULL, Object(Config\Cache), false)
#8 C:\xampp\htdocs\CI4\public\index.php(37): CodeIgniter\CodeIgniter->run()
#9 C:\xampp\htdocs\CI4\vendor\codeigniter4\framework\system\Commands\Server\rewrite.php(43): require_once('C:\\xampp\\htdocs...')
#10 {main}
CRITICAL - 2021-09-23 03:24:10 --> Undefined variable $title
#0 C:\xampp\htdocs\CI4\app\Views\layouts\header.php(12): CodeIgniter\Debug\Exceptions->errorHandler(2, 'Undefined varia...', 'C:\\xampp\\htdocs...', 12)
#1 C:\xampp\htdocs\CI4\vendor\codeigniter4\framework\system\View\View.php(214): include('C:\\xampp\\htdocs...')
#2 C:\xampp\htdocs\CI4\vendor\codeigniter4\framework\system\View\View.php(217): CodeIgniter\View\View->CodeIgniter\View\{closure}()
#3 C:\xampp\htdocs\CI4\vendor\codeigniter4\framework\system\Common.php(1092): CodeIgniter\View\View->render('layouts/header', Array, true)
#4 C:\xampp\htdocs\CI4\app\Config\Routes.php(41): view('layouts/header', Array)
#5 C:\xampp\htdocs\CI4\vendor\codeigniter4\framework\system\CodeIgniter.php(758): CodeIgniter\CodeIgniter->Config\{closure}()
#6 C:\xampp\htdocs\CI4\vendor\codeigniter4\framework\system\CodeIgniter.php(386): CodeIgniter\CodeIgniter->startController()
#7 C:\xampp\htdocs\CI4\vendor\codeigniter4\framework\system\CodeIgniter.php(317): CodeIgniter\CodeIgniter->handleRequest(NULL, Object(Config\Cache), false)
#8 C:\xampp\htdocs\CI4\public\index.php(37): CodeIgniter\CodeIgniter->run()
#9 C:\xampp\htdocs\CI4\vendor\codeigniter4\framework\system\Commands\Server\rewrite.php(43): require_once('C:\\xampp\\htdocs...')
#10 {main}
CRITICAL - 2021-09-23 03:24:11 --> Undefined variable $title
#0 C:\xampp\htdocs\CI4\app\Views\layouts\header.php(12): CodeIgniter\Debug\Exceptions->errorHandler(2, 'Undefined varia...', 'C:\\xampp\\htdocs...', 12)
#1 C:\xampp\htdocs\CI4\vendor\codeigniter4\framework\system\View\View.php(214): include('C:\\xampp\\htdocs...')
#2 C:\xampp\htdocs\CI4\vendor\codeigniter4\framework\system\View\View.php(217): CodeIgniter\View\View->CodeIgniter\View\{closure}()
#3 C:\xampp\htdocs\CI4\vendor\codeigniter4\framework\system\Common.php(1092): CodeIgniter\View\View->render('layouts/header', Array, true)
#4 C:\xampp\htdocs\CI4\app\Config\Routes.php(41): view('layouts/header', Array)
#5 C:\xampp\htdocs\CI4\vendor\codeigniter4\framework\system\CodeIgniter.php(758): CodeIgniter\CodeIgniter->Config\{closure}()
#6 C:\xampp\htdocs\CI4\vendor\codeigniter4\framework\system\CodeIgniter.php(386): CodeIgniter\CodeIgniter->startController()
#7 C:\xampp\htdocs\CI4\vendor\codeigniter4\framework\system\CodeIgniter.php(317): CodeIgniter\CodeIgniter->handleRequest(NULL, Object(Config\Cache), false)
#8 C:\xampp\htdocs\CI4\public\index.php(37): CodeIgniter\CodeIgniter->run()
#9 C:\xampp\htdocs\CI4\vendor\codeigniter4\framework\system\Commands\Server\rewrite.php(43): require_once('C:\\xampp\\htdocs...')
#10 {main}
